Building DAG of jobs...
Using shell: /usr/bin/bash
Provided remote nodes: 1
Provided resources: mem_mb=64000, mem_mib=61036, disk_mb=6552, disk_mib=6249, cpus_per_task=12, nodes=1
Select jobs to execute...
Execute 1 jobs...

[Fri Nov  1 15:10:54 2024]
rule DNAme_overlaps:
    input: /data1/greenbab/projects/triplicates_epigenetics_diyva/DNA/preprocessed/results/modkit/D-C-2_4000/D-C-2_4000_modpileup_combined.bed
    output: results/DNAme_overlaps/D-C-2_4000/D-C-2_4000_5mCpG_5hmCpG_DNAme_mmflil1_8438_Overlaps.bed, results/DNAme_overlaps/D-C-2_4000/D-C-2_4000_5mCpG_5hmCpG_sortedBed.bed
    log: logs/DNAme_overlaps/D-C-2_4000/D-C-2_4000.log
    jobid: 0
    reason: Forced execution
    wildcards: samples=D-C-2_4000
    resources: mem_mb=64000, mem_mib=61036, disk_mb=6552, disk_mib=6249, tmpdir=<TBD>, slurm_partition=componc_cpu, slurm_account=greenbab, runtime=1440, cpus_per_task=12, nodes=1

Building DAG of jobs...
Using shell: /usr/bin/bash
Provided cores: 12
Rules claiming more threads will be scaled down.
Provided resources: mem_mb=64000, mem_mib=61036, disk_mb=6552, disk_mib=6249, cpus_per_task=12, nodes=1
Select jobs to execute...
Execute 1 jobs...

[Fri Nov  1 15:10:55 2024]
localrule DNAme_overlaps:
    input: /data1/greenbab/projects/triplicates_epigenetics_diyva/DNA/preprocessed/results/modkit/D-C-2_4000/D-C-2_4000_modpileup_combined.bed
    output: results/DNAme_overlaps/D-C-2_4000/D-C-2_4000_5mCpG_5hmCpG_DNAme_mmflil1_8438_Overlaps.bed, results/DNAme_overlaps/D-C-2_4000/D-C-2_4000_5mCpG_5hmCpG_sortedBed.bed
    log: logs/DNAme_overlaps/D-C-2_4000/D-C-2_4000.log
    jobid: 0
    reason: Forced execution
    wildcards: samples=D-C-2_4000
    resources: mem_mb=64000, mem_mib=61036, disk_mb=6552, disk_mib=6249, tmpdir=/tmp, slurm_partition=componc_cpu, slurm_account=greenbab, runtime=1440, cpus_per_task=12, nodes=1


                sort -k1,1 -k2,2n /data1/greenbab/projects/triplicates_epigenetics_diyva/DNA/preprocessed/results/modkit/D-C-2_4000/D-C-2_4000_modpileup_combined.bed > results/DNAme_overlaps/D-C-2_4000/D-C-2_4000_5mCpG_5hmCpG_sortedBed.bed
                bedtools map -a /data1/greenbab/users/ahunos/apps/workflows/LINE1_insertions/database/L1BaseMmusculus/mmflil1_8438_noHeader.sorted.bed -b results/DNAme_overlaps/D-C-2_4000/D-C-2_4000_5mCpG_5hmCpG_sortedBed.bed -c 11,11,11,11,11 -o min,max,mean,median,count -g /data1/greenbab/database/mm10/mm10.sorted.chrom.sizes > results/DNAme_overlaps/D-C-2_4000/D-C-2_4000_5mCpG_5hmCpG_DNAme_mmflil1_8438_Overlaps.bed 2> logs/DNAme_overlaps/D-C-2_4000/D-C-2_4000.log
            
[Fri Nov  1 15:20:19 2024]
Finished job 0.
1 of 1 steps (100%) done
Storing output in storage.
[Fri Nov  1 15:20:19 2024]
Finished job 0.
1 of 1 steps (100%) done
Storing output in storage.
