Loading required package: stats4
Loading required package: BiocGenerics

Attaching package: ‘BiocGenerics’

The following objects are masked from ‘package:stats’:

    IQR, mad, sd, var, xtabs

The following objects are masked from ‘package:base’:

    anyDuplicated, aperm, append, as.data.frame, basename, cbind,
    colnames, dirname, do.call, duplicated, eval, evalq, Filter, Find,
    get, grep, grepl, intersect, is.unsorted, lapply, Map, mapply,
    match, mget, order, paste, pmax, pmax.int, pmin, pmin.int,
    Position, rank, rbind, Reduce, rownames, sapply, setdiff, sort,
    table, tapply, union, unique, unsplit, which.max, which.min

Loading required package: S4Vectors

Attaching package: ‘S4Vectors’

The following objects are masked from ‘package:data.table’:

    first, second

The following object is masked from ‘package:utils’:

    findMatches

The following objects are masked from ‘package:base’:

    expand.grid, I, unname

Loading required package: IRanges

Attaching package: ‘IRanges’

The following object is masked from ‘package:data.table’:

    shift

Loading required package: GenomeInfoDb
── Attaching core tidyverse packages ──────────────────────── tidyverse 2.0.0 ──
✔ dplyr     1.1.4     ✔ readr     2.1.5
✔ forcats   1.0.0     ✔ stringr   1.5.1
✔ ggplot2   3.5.1     ✔ tibble    3.2.1
✔ lubridate 1.9.3     ✔ tidyr     1.3.1
✔ purrr     1.0.2     
── Conflicts ────────────────────────────────────────── tidyverse_conflicts() ──
✖ lubridate::%within%() masks IRanges::%within%()
✖ dplyr::between()      masks data.table::between()
✖ dplyr::collapse()     masks IRanges::collapse()
✖ dplyr::combine()      masks BiocGenerics::combine()
✖ dplyr::desc()         masks IRanges::desc()
✖ tidyr::expand()       masks S4Vectors::expand()
✖ dplyr::filter()       masks stats::filter()
✖ dplyr::first()        masks S4Vectors::first(), data.table::first()
✖ lubridate::hour()     masks data.table::hour()
✖ lubridate::isoweek()  masks data.table::isoweek()
✖ dplyr::lag()          masks stats::lag()
✖ dplyr::last()         masks data.table::last()
✖ lubridate::mday()     masks data.table::mday()
✖ lubridate::minute()   masks data.table::minute()
✖ lubridate::month()    masks data.table::month()
✖ ggplot2::Position()   masks BiocGenerics::Position(), base::Position()
✖ lubridate::quarter()  masks data.table::quarter()
✖ purrr::reduce()       masks GenomicRanges::reduce(), IRanges::reduce()
✖ dplyr::rename()       masks S4Vectors::rename()
✖ lubridate::second()   masks S4Vectors::second(), data.table::second()
✖ lubridate::second<-() masks S4Vectors::second<-()
✖ dplyr::slice()        masks IRanges::slice()
✖ purrr::transpose()    masks data.table::transpose()
✖ lubridate::wday()     masks data.table::wday()
✖ lubridate::week()     masks data.table::week()
✖ lubridate::yday()     masks data.table::yday()
✖ lubridate::year()     masks data.table::year()
ℹ Use the conflicted package (<http://conflicted.r-lib.org/>) to force all conflicts to become errors
done reading files
done computing stats
done overlaps, repeats & cpG sites
done overlaps, repeats & cpG sites
done overlaps, repeats & cpG sites
Warning messages:
1: In melt.data.table(ovs1_stats, id.vars = c("id", "RepeatID")) :
  'measure.vars' [Freq_5mCpG.N, Freq_5mCpG.mean, Freq_5mCpG.median, Freq_5mCpG.entropy_in_log2, ...] are not all of the same type. By order of hierarchy, the molten data value column will be of type 'double'. All measure variables not of type 'double' will be coerced too. Check DETAILS in ?melt.data.table for more on coercion.
2: In melt.data.table(ovs1_stats, id.vars = c("id", "RepeatID")) :
  'measure.vars' [Freq_5mCpG.N, Freq_5mCpG.mean, Freq_5mCpG.median, Freq_5mCpG.entropy_in_log2, ...] are not all of the same type. By order of hierarchy, the molten data value column will be of type 'double'. All measure variables not of type 'double' will be coerced too. Check DETAILS in ?melt.data.table for more on coercion.
3: In melt.data.table(ovs1_stats, id.vars = c("id", "RepeatID")) :
  'measure.vars' [Freq_5mCpG.N, Freq_5mCpG.mean, Freq_5mCpG.median, Freq_5mCpG.entropy_in_log2, ...] are not all of the same type. By order of hierarchy, the molten data value column will be of type 'double'. All measure variables not of type 'double' will be coerced too. Check DETAILS in ?melt.data.table for more on coercion.
plotting
saving plots
`stat_bin()` using `bins = 30`. Pick better value with `binwidth`.
`stat_bin()` using `bins = 30`. Pick better value with `binwidth`.
`stat_bin()` using `bins = 30`. Pick better value with `binwidth`.
Warning messages:
1: Removed 11 rows containing non-finite outside the scale range (`stat_bin()`). 
2: Removed 3 rows containing non-finite outside the scale range (`stat_bin()`). 
done running analysis
